<?xml version="1.0" encoding="UTF-8"?>
<testng-results ignored="0" total="1" passed="1" failed="0" skipped="0">
  <reporter-output>
    <line>
      <![CDATA[CreateCustomer]]>
    </line>
  </reporter-output>
  <suite started-at="2023-03-05T22:21:31 GMT-08:00" name="Default suite" finished-at="2023-03-05T22:21:31 GMT-08:00" duration-ms="163">
    <groups>
    </groups>
    <test started-at="2023-03-05T22:21:31 GMT-08:00" name="Default test" finished-at="2023-03-05T22:21:31 GMT-08:00" duration-ms="163">
      <class name="com.actitime.testscript.CustomerModule">
        <test-method signature="testCreateCustomer()[pri:0, instance:com.actitime.testscript.CustomerModule@78b66d36]" started-at="2023-03-05T22:21:31 GMT-08:00" name="testCreateCustomer" finished-at="2023-03-05T22:21:31 GMT-08:00" duration-ms="39" status="PASS">
          <reporter-output>
            <line>
              <![CDATA[CreateCustomer]]>
            </line>
          </reporter-output>
        </test-method> <!-- testCreateCustomer -->
      </class> <!-- com.actitime.testscript.CustomerModule -->
    </test> <!-- Default test -->
  </suite> <!-- Default suite -->
</testng-results>
